[15/09 18:10:49] [info] Initializing worker and caches
[15/09 18:10:49] [info] Registering integrations
[15/09 18:10:49] [info] Initializing tasks and listeners
[15/09 18:22:23] [info] Disabled integration for PlaceholderAPI
[15/09 18:42:43] [info] Initializing worker and caches
[15/09 18:42:44] [info] Registering integrations
[15/09 18:42:44] [info] Initializing tasks and listeners
[15/09 18:44:54] [info] Disabled integration for PlaceholderAPI
[15/09 18:52:06] [info] Initializing worker and caches
[15/09 18:52:07] [info] Registering integrations
[15/09 18:52:07] [info] Initializing tasks and listeners
[15/09 18:52:09] [info] Disabled integration for PlaceholderAPI
[16/09 06:50:33] [info] Initializing worker and caches
[16/09 06:50:33] [info] Registering integrations
[16/09 06:50:33] [info] Initializing tasks and listeners
[16/09 10:57:30] [info] Disabled integration for PlaceholderAPI
[16/09 10:57:58] [info] Initializing worker and caches
[16/09 10:57:58] [info] Registering integrations
[16/09 10:57:58] [info] Initializing tasks and listeners
[16/09 20:06:24] [info] Disabled integration for PlaceholderAPI
[16/09 23:01:40] [info] Initializing worker and caches
[16/09 23:01:40] [info] Registering integrations
[16/09 23:01:40] [info] Initializing tasks and listeners
[16/09 23:01:42] [info] Disabled integration for PlaceholderAPI
[18/09 00:00:32] [info] Initializing worker and caches
[18/09 00:00:33] [info] Registering integrations
[18/09 00:00:33] [info] Initializing tasks and listeners
[18/09 14:00:10] [info] Disabled integration for PlaceholderAPI
[18/09 14:00:49] [info] Initializing worker and caches
[18/09 14:00:49] [info] Registering integrations
[18/09 14:00:49] [info] Initializing tasks and listeners
[18/09 14:00:55] [info] Disabled integration for PlaceholderAPI
[18/09 14:01:34] [info] Initializing worker and caches
[18/09 14:01:34] [info] Registering integrations
[18/09 14:01:34] [info] Initializing tasks and listeners
[18/09 14:17:19] [info] Disabled integration for PlaceholderAPI
[18/09 14:17:39] [info] Initializing worker and caches
[18/09 14:17:39] [info] Registering integrations
[18/09 14:17:39] [info] Initializing tasks and listeners
[18/09 16:35:57] [info] Disabled integration for PlaceholderAPI
[18/09 16:36:28] [info] Initializing worker and caches
[18/09 16:36:28] [info] Registering integrations
[18/09 16:36:28] [info] Initializing tasks and listeners
[18/09 21:57:47] [info] Disabled integration for PlaceholderAPI
[18/09 21:58:20] [info] Initializing worker and caches
[18/09 21:58:20] [info] Registering integrations
[18/09 21:58:20] [info] Initializing tasks and listeners
[18/09 22:00:44] [info] Disabled integration for PlaceholderAPI
[18/09 22:02:07] [info] Initializing worker and caches
[18/09 22:02:07] [info] Registering integrations
[18/09 22:02:07] [info] Initializing tasks and listeners
[19/09 01:37:49] [info] Disabled integration for PlaceholderAPI
[19/09 01:38:14] [info] Initializing worker and caches
[19/09 01:38:14] [info] Registering integrations
[19/09 01:38:14] [info] Initializing tasks and listeners
[19/09 15:58:24] [info] Disabled integration for PlaceholderAPI
[19/09 15:59:01] [info] Initializing worker and caches
[19/09 15:59:01] [info] Registering integrations
[19/09 15:59:01] [info] Initializing tasks and listeners
[20/09 00:13:33] [info] Disabled integration for PlaceholderAPI
[20/09 00:14:20] [info] Initializing worker and caches
[20/09 00:14:20] [info] Registering integrations
[20/09 00:14:20] [info] Initializing tasks and listeners
[20/09 13:41:08] [info] Disabled integration for PlaceholderAPI
[20/09 13:52:03] [info] Initializing worker and caches
[20/09 13:52:03] [info] Registering integrations
[20/09 13:52:03] [info] Initializing tasks and listeners
[20/09 15:37:46] [info] Disabled integration for PlaceholderAPI
[20/09 15:38:27] [info] Initializing worker and caches
[20/09 15:38:27] [info] Registering integrations
[20/09 15:38:27] [info] Initializing tasks and listeners
[20/09 21:46:49] [info] Disabled integration for PlaceholderAPI
[20/09 21:47:31] [info] Initializing worker and caches
[20/09 21:47:31] [info] Registering integrations
[20/09 21:47:31] [info] Initializing tasks and listeners
[21/09 14:12:04] [info] Disabled integration for PlaceholderAPI
[21/09 14:13:31] [info] Initializing worker and caches
[21/09 14:13:31] [info] Registering integrations
[21/09 14:13:31] [info] Initializing tasks and listeners
[21/09 20:56:28] [info] Disabled integration for PlaceholderAPI
[21/09 23:44:58] [info] Initializing worker and caches
[21/09 23:44:59] [info] Registering integrations
[21/09 23:44:59] [info] Initializing tasks and listeners
[22/09 17:38:07] [info] Disabled integration for PlaceholderAPI
[22/09 17:40:16] [info] Initializing worker and caches
[22/09 17:40:16] [info] Registering integrations
[22/09 17:40:16] [info] Initializing tasks and listeners
[22/09 17:44:02] [info] Disabled integration for PlaceholderAPI
[22/09 17:44:40] [info] Initializing worker and caches
[22/09 17:44:40] [info] Registering integrations
[22/09 17:44:40] [info] Initializing tasks and listeners
[22/09 17:51:53] [info] Disabled integration for PlaceholderAPI
[22/09 17:52:24] [info] Initializing worker and caches
[22/09 17:52:24] [info] Registering integrations
[22/09 17:52:24] [info] Initializing tasks and listeners
[24/09 09:35:15] [info] Disabled integration for PlaceholderAPI
[24/09 16:24:40] [info] Initializing worker and caches
[24/09 16:24:40] [info] Registering integrations
[24/09 16:24:40] [info] Initializing tasks and listeners
[24/09 16:34:44] [info] Disabled integration for PlaceholderAPI
[24/09 16:35:41] [info] Initializing worker and caches
[24/09 16:35:41] [info] Registering integrations
[24/09 16:35:41] [info] Initializing tasks and listeners
[24/09 16:39:24] [info] Disabled integration for PlaceholderAPI
[24/09 22:20:49] [info] Initializing worker and caches
[24/09 22:20:49] [info] Registering integrations
[24/09 22:20:49] [info] Initializing tasks and listeners
[24/09 22:27:12] [info] Disabled integration for PlaceholderAPI
[25/09 18:45:40] [info] Initializing worker and caches
[25/09 18:45:40] [info] Registering integrations
[25/09 18:45:40] [info] Initializing tasks and listeners
[25/09 18:57:43] [info] Disabled integration for PlaceholderAPI
[25/09 18:58:21] [info] Initializing worker and caches
[25/09 18:58:21] [info] Registering integrations
[25/09 18:58:21] [info] Initializing tasks and listeners
[25/09 19:59:31] [info] Disabled integration for PlaceholderAPI
[28/09 19:13:02] [info] Initializing worker and caches
[28/09 19:13:02] [info] Enabled NPC manager with ProtocolLib
[28/09 19:13:03] [info] Registering integrations
[28/09 19:13:03] [info] Initializing tasks and listeners
[30/09 13:49:58] [info] Disabled integration for PlaceholderAPI
[30/09 13:51:19] [info] Initializing worker and caches
[30/09 13:51:19] [info] Enabled NPC manager with ProtocolLib
[30/09 13:51:19] [info] Registering integrations
[30/09 13:51:19] [info] Initializing tasks and listeners
[30/09 17:37:13] [info] Disabled integration for PlaceholderAPI
